<?xml version="1.0" encoding="UTF-8"?>
<testsuite xmlns:xsi="http://www.w3.org/2001/XMLSchema-instance" xsi:noNamespaceSchemaLocation="https://maven.apache.org/surefire/maven-surefire-plugin/xsd/surefire-test-report-3.0.xsd" version="3.0" name="za.co.supremeworx.ProductServiceApplicationTests" time="11.528" tests="1" errors="0" skipped="0" failures="0">
  <properties>
[...]
</properties>
  <testcase name="shouldCreateProduct" classname="za.co.supremeworx.ProductServiceApplicationTests" time="1.691">
    <system-out><![CDATA[16:40:49.843 [main] INFO org.springframework.test.context.support.AnnotationConfigContextLoaderUtils -- Could not detect default configuration classes for test class [za.co.supremeworx.ProductServiceApplicationTests]: ProductServiceApplicationTests does not declare any static, non-private, non-final, nested classes annotated with @Configuration.
16:40:50.034 [main] INFO org.springframework.boot.test.context.SpringBootTestContextBootstrapper -- Found @SpringBootConfiguration za.co.supremeworx.ProductServiceApplication for test class za.co.supremeworx.ProductServiceApplicationTests
16:40:50.271 [main] INFO org.testcontainers.images.PullPolicy -- Image pull policy will be performed by: DefaultPullPolicy()
16:40:50.275 [main] INFO org.testcontainers.utility.ImageNameSubstitutor -- Image name substitution will be performed by: DefaultImageNameSubstitutor (composite of 'ConfigurationFileImageNameSubstitutor' and 'PrefixingImageNameSubstitutor')
16:40:50.649 [main] INFO org.testcontainers.dockerclient.DockerClientProviderStrategy -- Loaded org.testcontainers.dockerclient.NpipeSocketClientProviderStrategy from ~/.testcontainers.properties, will try it first
16:40:51.042 [main] INFO org.testcontainers.dockerclient.DockerClientProviderStrategy -- Found Docker environment with local Npipe socket (npipe:////./pipe/docker_engine)
16:40:51.044 [main] INFO org.testcontainers.DockerClientFactory -- Docker host IP address is localhost
16:40:51.089 [main] INFO org.testcontainers.DockerClientFactory -- Connected to docker: 
  Server Version: 25.0.3
  API Version: 1.44
  Operating System: Docker Desktop
  Total Memory: 3836 MB
16:40:51.134 [main] INFO tc.testcontainers/ryuk:0.6.0 -- Creating container for image: testcontainers/ryuk:0.6.0
16:40:51.582 [main] INFO tc.testcontainers/ryuk:0.6.0 -- Container testcontainers/ryuk:0.6.0 is starting: ca7f02452da3df5d594792cc985a37e9c6aac73190519aaa9837337ba57cdb6b
16:40:53.086 [main] INFO tc.testcontainers/ryuk:0.6.0 -- Container testcontainers/ryuk:0.6.0 started in PT1.9511239S
16:40:53.109 [main] INFO org.testcontainers.utility.RyukResourceReaper -- Ryuk started - will monitor and terminate Testcontainers containers on JVM exit
16:40:53.109 [main] INFO org.testcontainers.DockerClientFactory -- Checking the system...
16:40:53.110 [main] INFO org.testcontainers.DockerClientFactory -- ?? Docker server version should be at least 1.6.0
16:40:53.110 [main] INFO tc.mongo:4.4.2 -- Creating container for image: mongo:4.4.2
16:40:53.202 [main] INFO tc.mongo:4.4.2 -- Container mongo:4.4.2 is starting: 7627377a52fdca465e6173fcbb47d12143a6933d1272aaecf57e57338565f3cd
16:40:54.649 [main] INFO tc.mongo:4.4.2 -- Container mongo:4.4.2 started in PT1.5390007S
16:40:55.436 [main] INFO org.springframework.boot.devtools.restart.RestartApplicationListener -- Restart disabled due to context in which it is running

  .   ____          _            __ _ _
 /\\ / ___'_ __ _ _(_)_ __  __ _ \ \ \ \
( ( )\___ | '_ | '_| | '_ \/ _` | \ \ \ \
 \\/  ___)| |_)| | | | | || (_| |  ) ) ) )
  '  |____| .__|_| |_|_| |_\__, | / / / /
 =========|_|==============|___/=/_/_/_/
 :: Spring Boot ::                (v3.2.2)

2024-02-20T16:40:55.805+02:00  INFO 8596 --- [           main] z.c.s.ProductServiceApplicationTests     : Starting ProductServiceApplicationTests using Java 17.0.10 with PID 8596 (started by vince in C:\Users\vince\OneDrive\Documents\eclipse-workspace\funeral-services\product-service)
2024-02-20T16:40:55.809+02:00  INFO 8596 --- [           main] z.c.s.ProductServiceApplicationTests     : No active profile set, falling back to 1 default profile: "default"
2024-02-20T16:40:56.807+02:00  INFO 8596 --- [           main] .s.d.r.c.RepositoryConfigurationDelegate : Bootstrapping Spring Data MongoDB repositories in DEFAULT mode.
2024-02-20T16:40:56.873+02:00  INFO 8596 --- [           main] .s.d.r.c.RepositoryConfigurationDelegate : Finished Spring Data repository scanning in 59 ms. Found 1 MongoDB repository interface.
2024-02-20T16:40:57.562+02:00  INFO 8596 --- [           main] org.mongodb.driver.client                : MongoClient with metadata {"driver": {"name": "mongo-java-driver|sync|spring-boot", "version": "4.11.1"}, "os": {"type": "Windows", "name": "Windows 11", "architecture": "amd64", "version": "10.0"}, "platform": "Java/Eclipse Adoptium/17.0.10+7"} created with settings MongoClientSettings{readPreference=primary, writeConcern=WriteConcern{w=null, wTimeout=null ms, journal=null}, retryWrites=true, retryReads=true, readConcern=ReadConcern{level=null}, credential=null, transportSettings=null, streamFactoryFactory=null, commandListeners=[], codecRegistry=ProvidersCodecRegistry{codecProviders=[ValueCodecProvider{}, BsonValueCodecProvider{}, DBRefCodecProvider{}, DBObjectCodecProvider{}, DocumentCodecProvider{}, CollectionCodecProvider{}, IterableCodecProvider{}, MapCodecProvider{}, GeoJsonCodecProvider{}, GridFSFileCodecProvider{}, Jsr310CodecProvider{}, JsonObjectCodecProvider{}, BsonCodecProvider{}, EnumCodecProvider{}, com.mongodb.client.model.mql.ExpressionCodecProvider@4b508371, com.mongodb.Jep395RecordCodecProvider@41143873, com.mongodb.KotlinCodecProvider@21f50d2c]}, loggerSettings=LoggerSettings{maxDocumentLength=1000}, clusterSettings={hosts=[localhost:59248], srvServiceName=mongodb, mode=SINGLE, requiredClusterType=UNKNOWN, requiredReplicaSetName='null', serverSelector='null', clusterListeners='[]', serverSelectionTimeout='30000 ms', localThreshold='15 ms'}, socketSettings=SocketSettings{connectTimeoutMS=10000, readTimeoutMS=0, receiveBufferSize=0, proxySettings=ProxySettings{host=null, port=null, username=null, password=null}}, heartbeatSocketSettings=SocketSettings{connectTimeoutMS=10000, readTimeoutMS=10000, receiveBufferSize=0, proxySettings=ProxySettings{host=null, port=null, username=null, password=null}}, connectionPoolSettings=ConnectionPoolSettings{maxSize=100, minSize=0, maxWaitTimeMS=120000, maxConnectionLifeTimeMS=0, maxConnectionIdleTimeMS=0, maintenanceInitialDelayMS=0, maintenanceFrequencyMS=60000, connectionPoolListeners=[], maxConnecting=2}, serverSettings=ServerSettings{heartbeatFrequencyMS=10000, minHeartbeatFrequencyMS=500, serverListeners='[]', serverMonitorListeners='[]'}, sslSettings=SslSettings{enabled=false, invalidHostNameAllowed=false, context=null}, applicationName='null', compressorList=[], uuidRepresentation=JAVA_LEGACY, serverApi=null, autoEncryptionSettings=null, dnsClient=null, inetAddressResolver=null, contextProvider=null}
2024-02-20T16:40:57.707+02:00  INFO 8596 --- [localhost:59248] org.mongodb.driver.cluster               : Monitor thread successfully connected to server with description ServerDescription{address=localhost:59248, type=REPLICA_SET_PRIMARY, state=CONNECTED, ok=true, minWireVersion=0, maxWireVersion=9, maxDocumentSize=16777216, logicalSessionTimeoutMinutes=30, roundTripTimeNanos=149655900, setName='docker-rs', canonicalAddress=7627377a52fd:27017, hosts=[7627377a52fd:27017], passives=[], arbiters=[], primary='7627377a52fd:27017', tagSet=TagSet{[]}, electionId=7fffffff0000000000000001, setVersion=1, topologyVersion=TopologyVersion{processId=65d4b9f5de68fda0e0f4b7d8, counter=6}, lastWriteDate=Tue Feb 20 16:40:55 SAST 2024, lastUpdateTimeNanos=82032208811700}
2024-02-20T16:40:58.670+02:00  INFO 8596 --- [           main] o.s.b.t.m.w.SpringBootMockServletContext : Initializing Spring TestDispatcherServlet ''
2024-02-20T16:40:58.670+02:00  INFO 8596 --- [           main] o.s.t.web.servlet.TestDispatcherServlet  : Initializing Servlet ''
2024-02-20T16:40:58.673+02:00  INFO 8596 --- [           main] o.s.t.web.servlet.TestDispatcherServlet  : Completed initialization in 1 ms
2024-02-20T16:40:58.698+02:00  INFO 8596 --- [           main] z.c.s.ProductServiceApplicationTests     : Started ProductServiceApplicationTests in 3.278 seconds (process running for 10.151)
2024-02-20T16:41:00.298+02:00  INFO 8596 --- [           main] z.c.supremeworx.services.ProductService  : Product Product(id=65d4b9fcc564f53ce4a40eec, name=Flowers, description=Flowers for family of deseased, price=250) is saved
2024-02-20T16:41:00.386+02:00  INFO 8596 --- [           main] z.c.s.ProductServiceApplicationTests     : Data size is 1
]]></system-out>
  </testcase>
</testsuite>